d:\programmation\c-c++\project\sfml\perfect gas 2d simulation\perfect .f15c60cb\x64\debug\vc143.pdb
d:\programmation\c-c++\project\sfml\perfect gas 2d simulation\perfect .f15c60cb\x64\debug\vc143.idb
d:\programmation\c-c++\project\sfml\perfect gas 2d simulation\perfect .f15c60cb\x64\debug\world.obj
d:\programmation\c-c++\project\sfml\perfect gas 2d simulation\perfect .f15c60cb\x64\debug\shape.obj
d:\programmation\c-c++\project\sfml\perfect gas 2d simulation\perfect .f15c60cb\x64\debug\renderer.obj
d:\programmation\c-c++\project\sfml\perfect gas 2d simulation\perfect .f15c60cb\x64\debug\physics.obj
d:\programmation\c-c++\project\sfml\perfect gas 2d simulation\perfect .f15c60cb\x64\debug\main.obj
d:\programmation\c-c++\project\sfml\perfect gas 2d simulation\perfect .f15c60cb\x64\debug\imgui_widgets.obj
d:\programmation\c-c++\project\sfml\perfect gas 2d simulation\perfect .f15c60cb\x64\debug\imgui_tables.obj
d:\programmation\c-c++\project\sfml\perfect gas 2d simulation\perfect .f15c60cb\x64\debug\imgui_draw.obj
d:\programmation\c-c++\project\sfml\perfect gas 2d simulation\perfect .f15c60cb\x64\debug\imgui_demo.obj
d:\programmation\c-c++\project\sfml\perfect gas 2d simulation\perfect .f15c60cb\x64\debug\imgui.obj
d:\programmation\c-c++\project\sfml\perfect gas 2d simulation\perfect .f15c60cb\x64\debug\imgui-sfml.obj
d:\programmation\c-c++\project\sfml\perfect gas 2d simulation\perfect .f15c60cb\x64\debug\gas.obj
d:\programmation\c-c++\project\sfml\perfect gas 2d simulation\perfect .f15c60cb\x64\debug\camera.obj
d:\programmation\c-c++\project\sfml\perfect gas 2d simulation\perfect .f15c60cb\x64\debug\body.obj
d:\programmation\c-c++\project\sfml\perfect gas 2d simulation\perfect .f15c60cb\x64\debug\eventarray.obj
d:\programmation\c-c++\project\sfml\perfect gas 2d simulation\x64\debug\perfect gas 2d simulation.exe
d:\programmation\c-c++\project\sfml\perfect gas 2d simulation\x64\debug\perfect gas 2d simulation.pdb
d:\programmation\c-c++\project\sfml\perfect gas 2d simulation\perfect .f15c60cb\x64\debug\perfect gas 2d simulation.ilk
d:\programmation\c-c++\project\sfml\perfect gas 2d simulation\perfect .f15c60cb\x64\debug\gui.obj
d:\programmation\c-c++\project\sfml\perfect gas 2d simulation\perfect .f15c60cb\x64\debug\perfect .f15c60cb.tlog\cl.command.1.tlog
d:\programmation\c-c++\project\sfml\perfect gas 2d simulation\perfect .f15c60cb\x64\debug\perfect .f15c60cb.tlog\cl.items.tlog
d:\programmation\c-c++\project\sfml\perfect gas 2d simulation\perfect .f15c60cb\x64\debug\perfect .f15c60cb.tlog\cl.read.1.tlog
d:\programmation\c-c++\project\sfml\perfect gas 2d simulation\perfect .f15c60cb\x64\debug\perfect .f15c60cb.tlog\cl.write.1.tlog
d:\programmation\c-c++\project\sfml\perfect gas 2d simulation\perfect .f15c60cb\x64\debug\perfect .f15c60cb.tlog\link.command.1.tlog
d:\programmation\c-c++\project\sfml\perfect gas 2d simulation\perfect .f15c60cb\x64\debug\perfect .f15c60cb.tlog\link.read.1.tlog
d:\programmation\c-c++\project\sfml\perfect gas 2d simulation\perfect .f15c60cb\x64\debug\perfect .f15c60cb.tlog\link.secondary.1.tlog
d:\programmation\c-c++\project\sfml\perfect gas 2d simulation\perfect .f15c60cb\x64\debug\perfect .f15c60cb.tlog\link.write.1.tlog
